Compilación iniciada a las 05-11-2016 20:54:58.
     1>Proyecto "C:\TfsData\Agents\Agent-CangriHack-W10\_work\75\s\Wheel.Core.sln" en el nodo 1 (Clean destinos).
     1>Compilando con la versión de herramientas "2.0".
     1>Destino "ValidateSolutionConfiguration" en el archivo "C:\TfsData\Agents\Agent-CangriHack-W10\_work\75\s\Wheel.Core.sln.metaproj" del proyecto "C:\TfsData\Agents\Agent-CangriHack-W10\_work\75\s\Wheel.Core.sln" (punto de entrada):
       Se omitió la tarea "Error" debido a una condición falsa (False); (('$(CurrentSolutionConfigurationContents)' == '') and ('$(SkipInvalidConfigurations)' != 'true')) se evaluó como (('<SolutionConfiguration>
         <ProjectConfiguration Project="{CFB5C538-AFEA-4A86-B206-2210F5262335}" AbsolutePath="C:\TfsData\Agents\Agent-CangriHack-W10\_work\75\s\src\Wheel.Core.csproj" BuildProjectInSolution="True">Release|AnyCPU</ProjectConfiguration>
         <ProjectConfiguration Project="{986B7BDB-E319-497F-ABB0-4E655DD02F33}" AbsolutePath="C:\TfsData\Agents\Agent-CangriHack-W10\_work\75\s\test\testWheel.Core.csproj" BuildProjectInSolution="True">Release|AnyCPU</ProjectConfiguration>
       </SolutionConfiguration>' == '') and ('' != 'true')).
       Se omitió la tarea "Warning" debido a una condición falsa (False); (('$(CurrentSolutionConfigurationContents)' == '') and ('$(SkipInvalidConfigurations)' == 'true')) se evaluó como (('<SolutionConfiguration>
         <ProjectConfiguration Project="{CFB5C538-AFEA-4A86-B206-2210F5262335}" AbsolutePath="C:\TfsData\Agents\Agent-CangriHack-W10\_work\75\s\src\Wheel.Core.csproj" BuildProjectInSolution="True">Release|AnyCPU</ProjectConfiguration>
         <ProjectConfiguration Project="{986B7BDB-E319-497F-ABB0-4E655DD02F33}" AbsolutePath="C:\TfsData\Agents\Agent-CangriHack-W10\_work\75\s\test\testWheel.Core.csproj" BuildProjectInSolution="True">Release|AnyCPU</ProjectConfiguration>
       </SolutionConfiguration>' == '') and ('' == 'true')).
       Usando la tarea "Message" del ensamblado "Microsoft.Build.Tasks.Core, Version=14.0.0.0, Culture=neutral, PublicKeyToken=b03f5f7f11d50a3a".
       Tarea "Message"
         Compilando la configuración de soluciones "Release|Any CPU".
       Ejecución de la tarea "Message" terminada.
     1>Compilación terminada del destino "ValidateSolutionConfiguration" en el proyecto "Wheel.Core.sln".
     1>Destino "ValidateToolsVersions" en el archivo "C:\TfsData\Agents\Agent-CangriHack-W10\_work\75\s\Wheel.Core.sln.metaproj" del proyecto "C:\TfsData\Agents\Agent-CangriHack-W10\_work\75\s\Wheel.Core.sln" (punto de entrada):
       Se omitió la tarea "Error" debido a una condición falsa (False); ('$(MSBuildToolsVersion)' == '2.0' and ('$(ProjectToolsVersion)' != '2.0' and '$(ProjectToolsVersion)' != '')) se evaluó como ('14.0' == '2.0' and ('' != '2.0' and '' != '')).
     1>Compilación terminada del destino "ValidateToolsVersions" en el proyecto "Wheel.Core.sln".
     1>Destino "ValidateProjects" en el archivo "C:\TfsData\Agents\Agent-CangriHack-W10\_work\75\s\Wheel.Core.sln.metaproj" del proyecto "C:\TfsData\Agents\Agent-CangriHack-W10\_work\75\s\Wheel.Core.sln" (punto de entrada):
     1>Compilación terminada del destino "ValidateProjects" en el proyecto "Wheel.Core.sln".
     1>Destino "Clean" en el archivo "C:\TfsData\Agents\Agent-CangriHack-W10\_work\75\s\Wheel.Core.sln.metaproj" del proyecto "C:\TfsData\Agents\Agent-CangriHack-W10\_work\75\s\Wheel.Core.sln" (punto de entrada):
       Usando la tarea "MSBuild" del ensamblado "Microsoft.Build.Tasks.Core, Version=14.0.0.0, Culture=neutral, PublicKeyToken=b03f5f7f11d50a3a".
       Tarea "MSBuild"
         Propiedades globales:
           BuildingSolutionFile=true
           CurrentSolutionConfigurationContents=<SolutionConfiguration>
           <ProjectConfiguration Project="{CFB5C538-AFEA-4A86-B206-2210F5262335}" AbsolutePath="C:\TfsData\Agents\Agent-CangriHack-W10\_work\75\s\src\Wheel.Core.csproj" BuildProjectInSolution="True">Release|AnyCPU</ProjectConfiguration>
           <ProjectConfiguration Project="{986B7BDB-E319-497F-ABB0-4E655DD02F33}" AbsolutePath="C:\TfsData\Agents\Agent-CangriHack-W10\_work\75\s\test\testWheel.Core.csproj" BuildProjectInSolution="True">Release|AnyCPU</ProjectConfiguration>
         </SolutionConfiguration>
           SolutionDir=C:\TfsData\Agents\Agent-CangriHack-W10\_work\75\s\
           SolutionExt=.sln
           SolutionFileName=Wheel.Core.sln
           SolutionName=Wheel.Core
           SolutionPath=C:\TfsData\Agents\Agent-CangriHack-W10\_work\75\s\Wheel.Core.sln
         Propiedades adicionales del proyecto "C:\TfsData\Agents\Agent-CangriHack-W10\_work\75\s\test\testWheel.Core.csproj":
           Configuration=Release
           Platform=AnyCPU
         Propiedades adicionales del proyecto "C:\TfsData\Agents\Agent-CangriHack-W10\_work\75\s\src\Wheel.Core.csproj":
           Configuration=Release
           Platform=AnyCPU
     0>Invalidando el destino "GetFrameworkPaths" del proyecto"C:\Program Files (x86)\MSBuild\14.0\bin\Microsoft.Common.CurrentVersion.targets" con el destino "GetFrameworkPaths" del proyecto "C:\Program Files (x86)\MSBuild\14.0\bin\Microsoft.NetFramework.CurrentVersion.targets".
       Invalidando el destino "SatelliteDllsProjectOutputGroup" del proyecto"C:\Program Files (x86)\MSBuild\14.0\bin\Microsoft.Common.CurrentVersion.targets" con el destino "SatelliteDllsProjectOutputGroup" del proyecto "C:\Windows\Microsoft.NET\Framework\v4.0.30319\Microsoft.WinFx.targets".
       El destino "BeforeGenerateProjectPriFile" que aparece en un atributo BeforeTargets en "C:\Program Files (x86)\MSBuild\Microsoft\NuGet\Microsoft.NuGet.targets (186,61)" no existe en el proyecto y se omitirá.
       El destino "_ConvertPdbFiles" que aparece en un atributo BeforeTargets en "C:\Program Files (x86)\MSBuild\14.0\Microsoft.Common.targets\ImportAfter\Xamarin.Common.targets (34,37)" no existe en el proyecto y se omitirá.
       El destino "_CollectPdbFiles" que aparece en un atributo AfterTargets en "C:\Program Files (x86)\MSBuild\14.0\Microsoft.Common.targets\ImportAfter\Xamarin.Common.targets (34,70)" no existe en el proyecto y se omitirá.
       El destino "_CollectMdbFiles" que aparece en un atributo BeforeTargets en "C:\Program Files (x86)\MSBuild\14.0\Microsoft.Common.targets\ImportAfter\Xamarin.Common.targets (40,38)" no existe en el proyecto y se omitirá.
       El destino "_CopyMdbFiles" que aparece en un atributo AfterTargets en "C:\Program Files (x86)\MSBuild\14.0\Microsoft.Common.targets\ImportAfter\Xamarin.Common.targets (40,71)" no existe en el proyecto y se omitirá.
     1>El proyecto "C:\TfsData\Agents\Agent-CangriHack-W10\_work\75\s\Wheel.Core.sln" (1) está compilando "C:\TfsData\Agents\Agent-CangriHack-W10\_work\75\s\test\testWheel.Core.csproj" (2) en el nodo 1 (Clean destinos).
     2>Compilando con la versión de herramientas "14.0".
     2>Destino "_CheckForInvalidConfigurationAndPlatform" en el archivo "C:\Program Files (x86)\MSBuild\14.0\bin\Microsoft.Common.CurrentVersion.targets" del proyecto "C:\TfsData\Agents\Agent-CangriHack-W10\_work\75\s\test\testWheel.Core.csproj" (punto de entrada):
       Se omitió la tarea "Error" debido a una condición falsa (False); ( '$(_InvalidConfigurationError)' == 'true' ) se evaluó como ( '' == 'true' ).
       Se omitió la tarea "Warning" debido a una condición falsa (False); ( '$(_InvalidConfigurationWarning)' == 'true' ) se evaluó como ( '' == 'true' ).
       Usando la tarea "Message" del ensamblado "Microsoft.Build.Tasks.Core, Version=14.0.0.0, Culture=neutral, PublicKeyToken=b03f5f7f11d50a3a".
       Tarea "Message"
         Configuration=Release
       Ejecución de la tarea "Message" terminada.
       Tarea "Message"
         Platform=AnyCPU
       Ejecución de la tarea "Message" terminada.
       Se omitió la tarea "Error" debido a una condición falsa (False); ('$(OutDir)' != '' and !HasTrailingSlash('$(OutDir)')) se evaluó como ('bin\Release\' != '' and !HasTrailingSlash('bin\Release\')).
       Se omitió la tarea "Error" debido a una condición falsa (False); ('$(BaseIntermediateOutputPath)' != '' and !HasTrailingSlash('$(BaseIntermediateOutputPath)')) se evaluó como ('obj\' != '' and !HasTrailingSlash('obj\')).
       Se omitió la tarea "Error" debido a una condición falsa (False); ('$(IntermediateOutputPath)' != '' and !HasTrailingSlash('$(IntermediateOutputPath)')) se evaluó como ('obj\Release\' != '' and !HasTrailingSlash('obj\Release\')).
     2>Compilación terminada del destino "_CheckForInvalidConfigurationAndPlatform" en el proyecto "testWheel.Core.csproj".
     2>Destino "BeforeClean" en el archivo "C:\Program Files (x86)\MSBuild\14.0\bin\Microsoft.Common.CurrentVersion.targets" del proyecto "C:\TfsData\Agents\Agent-CangriHack-W10\_work\75\s\test\testWheel.Core.csproj" (el destino "Clean" depende de él):
     2>Compilación terminada del destino "BeforeClean" en el proyecto "testWheel.Core.csproj".
       Se omitió el destino "UnmanagedUnregistration" debido a una condición falsa (False); ((('$(_AssemblyTimestampBeforeCompile)' != '$(_AssemblyTimestampAfterCompile)' or '$(RegisterForComInterop)' != 'true' or '$(OutputType)' != 'library') or
                           ('$(_AssemblyTimestampBeforeCompile)' == '')) and
                          Exists('@(_UnmanagedRegistrationCache)')) se evaluó como ((('' != '' or '' != 'true' or 'Library' != 'library') or
                           ('' == '')) and
                          Exists('obj\testWheel.Core.csproj.UnmanagedRegistration.cache')).
     2>Destino "CoreClean" en el archivo "C:\Program Files (x86)\MSBuild\14.0\bin\Microsoft.Common.CurrentVersion.targets" del proyecto "C:\TfsData\Agents\Agent-CangriHack-W10\_work\75\s\test\testWheel.Core.csproj" (el destino "Clean" depende de él):
       Usando la tarea "Delete" del ensamblado "Microsoft.Build.Tasks.Core, Version=14.0.0.0, Culture=neutral, PublicKeyToken=b03f5f7f11d50a3a".
       Tarea "Delete"
         El archivo"obj\Release\\TempCA\testWheel.Core.pdb" no existe. Se omitirá.
         El archivo"obj\Release\\TempCA\testWheel.Core.dll" no existe. Se omitirá.
       Ejecución de la tarea "Delete" terminada.
       Usando la tarea "ReadLinesFromFile" del ensamblado "Microsoft.Build.Tasks.Core, Version=14.0.0.0, Culture=neutral, PublicKeyToken=b03f5f7f11d50a3a".
       Tarea "ReadLinesFromFile"
       Ejecución de la tarea "ReadLinesFromFile" terminada.
       Usando la tarea "FindUnderPath" del ensamblado "Microsoft.Build.Tasks.Core, Version=14.0.0.0, Culture=neutral, PublicKeyToken=b03f5f7f11d50a3a".
       Tarea "FindUnderPath"
         La ruta de comparación es "bin\Release\".
       Ejecución de la tarea "FindUnderPath" terminada.
       Tarea "FindUnderPath"
         La ruta de comparación es "obj\Release\".
       Ejecución de la tarea "FindUnderPath" terminada.
       Tarea "Delete"
       Ejecución de la tarea "Delete" terminada.
       Usando la tarea "RemoveDuplicates" del ensamblado "Microsoft.Build.Tasks.Core, Version=14.0.0.0, Culture=neutral, PublicKeyToken=b03f5f7f11d50a3a".
       Tarea "RemoveDuplicates"
       Ejecución de la tarea "RemoveDuplicates" terminada.
       Usando la tarea "MakeDir" del ensamblado "Microsoft.Build.Tasks.Core, Version=14.0.0.0, Culture=neutral, PublicKeyToken=b03f5f7f11d50a3a".
       Tarea "MakeDir"
         Creando directorio "obj\Release\".
     0>Invalidando el destino "GetFrameworkPaths" del proyecto"C:\Program Files (x86)\MSBuild\14.0\bin\Microsoft.Common.CurrentVersion.targets" con el destino "GetFrameworkPaths" del proyecto "C:\Program Files (x86)\MSBuild\14.0\bin\Microsoft.NetFramework.CurrentVersion.targets".
       Invalidando el destino "SatelliteDllsProjectOutputGroup" del proyecto"C:\Program Files (x86)\MSBuild\14.0\bin\Microsoft.Common.CurrentVersion.targets" con el destino "SatelliteDllsProjectOutputGroup" del proyecto "C:\Windows\Microsoft.NET\Framework\v4.0.30319\Microsoft.WinFx.targets".
       El destino "BeforeGenerateProjectPriFile" que aparece en un atributo BeforeTargets en "C:\Program Files (x86)\MSBuild\Microsoft\NuGet\Microsoft.NuGet.targets (186,61)" no existe en el proyecto y se omitirá.
       El destino "_ConvertPdbFiles" que aparece en un atributo BeforeTargets en "C:\Program Files (x86)\MSBuild\14.0\Microsoft.Common.targets\ImportAfter\Xamarin.Common.targets (34,37)" no existe en el proyecto y se omitirá.
       El destino "_CollectPdbFiles" que aparece en un atributo AfterTargets en "C:\Program Files (x86)\MSBuild\14.0\Microsoft.Common.targets\ImportAfter\Xamarin.Common.targets (34,70)" no existe en el proyecto y se omitirá.
       El destino "_CollectMdbFiles" que aparece en un atributo BeforeTargets en "C:\Program Files (x86)\MSBuild\14.0\Microsoft.Common.targets\ImportAfter\Xamarin.Common.targets (40,38)" no existe en el proyecto y se omitirá.
       El destino "_CopyMdbFiles" que aparece en un atributo AfterTargets en "C:\Program Files (x86)\MSBuild\14.0\Microsoft.Common.targets\ImportAfter\Xamarin.Common.targets (40,71)" no existe en el proyecto y se omitirá.
     1>El proyecto "C:\TfsData\Agents\Agent-CangriHack-W10\_work\75\s\Wheel.Core.sln" (1) está compilando "C:\TfsData\Agents\Agent-CangriHack-W10\_work\75\s\src\Wheel.Core.csproj" (3) en el nodo 2 (Clean destinos).
     3>Compilando con la versión de herramientas "14.0".
       El archivo del proyecto contiene ToolsVersion="12.0". Puede que no se conozca o que falte este conjunto de herramientas, en cuyo caso es posible que tenga que resolver este problema instalando la versión adecuada de MSBuild, o puede aplicarse una versión de las herramientas determinada a la compilación si así lo requieren las directivas. Se tratará el proyecto como si contuviera ToolsVersion="14.0". Para obtener más información, consulte http://go.microsoft.com/fwlink/?LinkId=293424.
     3>Destino "_CheckForInvalidConfigurationAndPlatform" en el archivo "C:\Program Files (x86)\MSBuild\14.0\bin\Microsoft.Common.CurrentVersion.targets" del proyecto "C:\TfsData\Agents\Agent-CangriHack-W10\_work\75\s\src\Wheel.Core.csproj" (punto de entrada):
       Se omitió la tarea "Error" debido a una condición falsa (False); ( '$(_InvalidConfigurationError)' == 'true' ) se evaluó como ( '' == 'true' ).
     2>Ejecución de la tarea "MakeDir" terminada.
     3>_CheckForInvalidConfigurationAndPlatform:
       Se omitió la tarea "Warning" debido a una condición falsa (False); ( '$(_InvalidConfigurationWarning)' == 'true' ) se evaluó como ( '' == 'true' ).
     2>CoreClean:
       Usando la tarea "WriteLinesToFile" del ensamblado "Microsoft.Build.Tasks.Core, Version=14.0.0.0, Culture=neutral, PublicKeyToken=b03f5f7f11d50a3a".
     3>_CheckForInvalidConfigurationAndPlatform:
       Usando la tarea "Message" del ensamblado "Microsoft.Build.Tasks.Core, Version=14.0.0.0, Culture=neutral, PublicKeyToken=b03f5f7f11d50a3a".
     2>Tarea "WriteLinesToFile"
     3>Tarea "Message"
         Configuration=Release
       Ejecución de la tarea "Message" terminada.
       Tarea "Message"
         Platform=AnyCPU
       Ejecución de la tarea "Message" terminada.
     2>Ejecución de la tarea "WriteLinesToFile" terminada.
     2>Compilación terminada del destino "CoreClean" en el proyecto "testWheel.Core.csproj".
     3>_CheckForInvalidConfigurationAndPlatform:
       Se omitió la tarea "Error" debido a una condición falsa (False); ('$(OutDir)' != '' and !HasTrailingSlash('$(OutDir)')) se evaluó como ('bin\Release\' != '' and !HasTrailingSlash('bin\Release\')).
     2>Se omitió el destino "XamarinPCLClean" debido a una condición falsa (False); ( $(TargetFrameworkProfile) != '' And $(TargetFrameworkIdentifier) == '.NETPortable' ) se evaluó como (  != '' And .NETFramework == '.NETPortable' ).
     3>_CheckForInvalidConfigurationAndPlatform:
       Se omitió la tarea "Error" debido a una condición falsa (False); ('$(BaseIntermediateOutputPath)' != '' and !HasTrailingSlash('$(BaseIntermediateOutputPath)')) se evaluó como ('obj\' != '' and !HasTrailingSlash('obj\')).
       Se omitió la tarea "Error" debido a una condición falsa (False); ('$(IntermediateOutputPath)' != '' and !HasTrailingSlash('$(IntermediateOutputPath)')) se evaluó como ('obj\Release\' != '' and !HasTrailingSlash('obj\Release\')).
     2>Destino "AssignProjectConfiguration" en el archivo "C:\Program Files (x86)\MSBuild\14.0\bin\Microsoft.Common.CurrentVersion.targets" del proyecto "C:\TfsData\Agents\Agent-CangriHack-W10\_work\75\s\test\testWheel.Core.csproj" (el destino "CleanReferencedProjects" depende de él):
     2>Usando la tarea "AssignProjectConfiguration" del ensamblado "Microsoft.Build.Tasks.Core, Version=14.0.0.0, Culture=neutral, PublicKeyToken=b03f5f7f11d50a3a".
     3>Compilación terminada del destino "_CheckForInvalidConfigurationAndPlatform" en el proyecto "Wheel.Core.csproj".
     2>Tarea "AssignProjectConfiguration"
     3>Destino "BeforeClean" en el archivo "C:\Program Files (x86)\MSBuild\14.0\bin\Microsoft.Common.CurrentVersion.targets" del proyecto "C:\TfsData\Agents\Agent-CangriHack-W10\_work\75\s\src\Wheel.Core.csproj" (el destino "Clean" depende de él):
     3>Compilación terminada del destino "BeforeClean" en el proyecto "Wheel.Core.csproj".
       Se omitió el destino "UnmanagedUnregistration" debido a una condición falsa (False); ((('$(_AssemblyTimestampBeforeCompile)' != '$(_AssemblyTimestampAfterCompile)' or '$(RegisterForComInterop)' != 'true' or '$(OutputType)' != 'library') or
                           ('$(_AssemblyTimestampBeforeCompile)' == '')) and
                          Exists('@(_UnmanagedRegistrationCache)')) se evaluó como ((('' != '' or '' != 'true' or 'Library' != 'library') or
                           ('' == '')) and
                          Exists('obj\Wheel.Core.csproj.UnmanagedRegistration.cache')).
     3>Destino "CoreClean" en el archivo "C:\Program Files (x86)\MSBuild\14.0\bin\Microsoft.Common.CurrentVersion.targets" del proyecto "C:\TfsData\Agents\Agent-CangriHack-W10\_work\75\s\src\Wheel.Core.csproj" (el destino "Clean" depende de él):
       Usando la tarea "Delete" del ensamblado "Microsoft.Build.Tasks.Core, Version=14.0.0.0, Culture=neutral, PublicKeyToken=b03f5f7f11d50a3a".
       Tarea "Delete"
         El archivo"obj\Release\\TempCA\Wheel.Core.pdb" no existe. Se omitirá.
     2>AssignProjectConfiguration:
         Se asignó la configuración "Release|AnyCPU" a la referencia de proyecto "..\src\Wheel.Core.csproj".
       Ejecución de la tarea "AssignProjectConfiguration" terminada.
     2>Compilación terminada del destino "AssignProjectConfiguration" en el proyecto "testWheel.Core.csproj".
     2>Destino "_SplitProjectReferencesByFileExistence" en el archivo "C:\Program Files (x86)\MSBuild\14.0\bin\Microsoft.Common.CurrentVersion.targets" del proyecto "C:\TfsData\Agents\Agent-CangriHack-W10\_work\75\s\test\testWheel.Core.csproj" (el destino "CleanReferencedProjects" depende de él):
       Se omitió la tarea "ResolveNonMSBuildProjectOutput" debido a una condición falsa (False); ('$(BuildingInsideVisualStudio)'=='true' and '@(ProjectReferenceWithConfiguration)'!='') se evaluó como (''=='true' and '..\src\Wheel.Core.csproj'!='').
     2>Compilación terminada del destino "_SplitProjectReferencesByFileExistence" en el proyecto "testWheel.Core.csproj".
     2>Destino "CleanReferencedProjects" en el archivo "C:\Program Files (x86)\MSBuild\14.0\bin\Microsoft.Common.CurrentVersion.targets" del proyecto "C:\TfsData\Agents\Agent-CangriHack-W10\_work\75\s\test\testWheel.Core.csproj" (el destino "Clean" depende de él):
       Usando la tarea "MSBuild" del ensamblado "Microsoft.Build.Tasks.Core, Version=14.0.0.0, Culture=neutral, PublicKeyToken=b03f5f7f11d50a3a".
       Tarea "MSBuild"
         Propiedades globales:
           Configuration=Release
           Platform=AnyCPU
     3>CoreClean:
         El archivo"obj\Release\\TempCA\Wheel.Core.dll" no existe. Se omitirá.
       Ejecución de la tarea "Delete" terminada.
       Usando la tarea "ReadLinesFromFile" del ensamblado "Microsoft.Build.Tasks.Core, Version=14.0.0.0, Culture=neutral, PublicKeyToken=b03f5f7f11d50a3a".
       Tarea "ReadLinesFromFile"
       Ejecución de la tarea "ReadLinesFromFile" terminada.
       Usando la tarea "FindUnderPath" del ensamblado "Microsoft.Build.Tasks.Core, Version=14.0.0.0, Culture=neutral, PublicKeyToken=b03f5f7f11d50a3a".
       Tarea "FindUnderPath"
         La ruta de comparación es "bin\Release\".
       Ejecución de la tarea "FindUnderPath" terminada.
       Tarea "FindUnderPath"
         La ruta de comparación es "obj\Release\".
       Ejecución de la tarea "FindUnderPath" terminada.
       Tarea "Delete"
       Ejecución de la tarea "Delete" terminada.
       Usando la tarea "RemoveDuplicates" del ensamblado "Microsoft.Build.Tasks.Core, Version=14.0.0.0, Culture=neutral, PublicKeyToken=b03f5f7f11d50a3a".
       Tarea "RemoveDuplicates"
       Ejecución de la tarea "RemoveDuplicates" terminada.
       Usando la tarea "MakeDir" del ensamblado "Microsoft.Build.Tasks.Core, Version=14.0.0.0, Culture=neutral, PublicKeyToken=b03f5f7f11d50a3a".
       Tarea "MakeDir"
         Creando directorio "obj\Release\".
       Ejecución de la tarea "MakeDir" terminada.
       Usando la tarea "WriteLinesToFile" del ensamblado "Microsoft.Build.Tasks.Core, Version=14.0.0.0, Culture=neutral, PublicKeyToken=b03f5f7f11d50a3a".
       Tarea "WriteLinesToFile"
       Ejecución de la tarea "WriteLinesToFile" terminada.
     3>Compilación terminada del destino "CoreClean" en el proyecto "Wheel.Core.csproj".
       Se omitió el destino "XamarinPCLClean" debido a una condición falsa (False); ( $(TargetFrameworkProfile) != '' And $(TargetFrameworkIdentifier) == '.NETPortable' ) se evaluó como (  != '' And .NETFramework == '.NETPortable' ).
     3>Destino "AssignProjectConfiguration" en el archivo "C:\Program Files (x86)\MSBuild\14.0\bin\Microsoft.Common.CurrentVersion.targets" del proyecto "C:\TfsData\Agents\Agent-CangriHack-W10\_work\75\s\src\Wheel.Core.csproj" (el destino "CleanReferencedProjects" depende de él):
       Usando la tarea "AssignProjectConfiguration" del ensamblado "Microsoft.Build.Tasks.Core, Version=14.0.0.0, Culture=neutral, PublicKeyToken=b03f5f7f11d50a3a".
       Tarea "AssignProjectConfiguration"
       Ejecución de la tarea "AssignProjectConfiguration" terminada.
     3>Compilación terminada del destino "AssignProjectConfiguration" en el proyecto "Wheel.Core.csproj".
     3>Destino "_SplitProjectReferencesByFileExistence" en el archivo "C:\Program Files (x86)\MSBuild\14.0\bin\Microsoft.Common.CurrentVersion.targets" del proyecto "C:\TfsData\Agents\Agent-CangriHack-W10\_work\75\s\src\Wheel.Core.csproj" (el destino "CleanReferencedProjects" depende de él):
       Se omitió la tarea "ResolveNonMSBuildProjectOutput" debido a una condición falsa (False); ('$(BuildingInsideVisualStudio)'=='true' and '@(ProjectReferenceWithConfiguration)'!='') se evaluó como (''=='true' and ''!='').
     3>Compilación terminada del destino "_SplitProjectReferencesByFileExistence" en el proyecto "Wheel.Core.csproj".
     3>Destino "CleanReferencedProjects" en el archivo "C:\Program Files (x86)\MSBuild\14.0\bin\Microsoft.Common.CurrentVersion.targets" del proyecto "C:\TfsData\Agents\Agent-CangriHack-W10\_work\75\s\src\Wheel.Core.csproj" (el destino "Clean" depende de él):
       Se omitió la tarea "MSBuild" debido a una condición falsa (False); ('$(BuildingInsideVisualStudio)' != 'true' and '$(BuildProjectReferences)' == 'true' and '@(_MSBuildProjectReferenceExistent)' != '') se evaluó como ('' != 'true' and 'true' == 'true' and '' != '').
     3>Compilación terminada del destino "CleanReferencedProjects" en el proyecto "Wheel.Core.csproj".
     3>Destino "CleanPublishFolder" en el archivo "C:\Program Files (x86)\MSBuild\14.0\bin\Microsoft.Common.CurrentVersion.targets" del proyecto "C:\TfsData\Agents\Agent-CangriHack-W10\_work\75\s\src\Wheel.Core.csproj" (el destino "Clean" depende de él):
       Se omitió la tarea "RemoveDir" debido a una condición falsa (False); ('$(PublishDir)'=='$(OutputPath)app.publish\' and Exists('$(PublishDir)')) se evaluó como ('bin\Release\app.publish\'=='bin\Release\app.publish\' and Exists('bin\Release\app.publish\')).
     3>Compilación terminada del destino "CleanPublishFolder" en el proyecto "Wheel.Core.csproj".
     3>Destino "AfterClean" en el archivo "C:\Program Files (x86)\MSBuild\14.0\bin\Microsoft.Common.CurrentVersion.targets" del proyecto "C:\TfsData\Agents\Agent-CangriHack-W10\_work\75\s\src\Wheel.Core.csproj" (el destino "Clean" depende de él):
     3>Compilación terminada del destino "AfterClean" en el proyecto "Wheel.Core.csproj".
       Se omitió el destino "EntityClean" debido a una condición falsa (False); ('@(EntityDeploy)' != '') se evaluó como ('' != '').
     3>Destino "Clean" en el archivo "C:\Program Files (x86)\MSBuild\14.0\bin\Microsoft.Common.CurrentVersion.targets" del proyecto "C:\TfsData\Agents\Agent-CangriHack-W10\_work\75\s\src\Wheel.Core.csproj" (punto de entrada):
     3>Compilación terminada del destino "Clean" en el proyecto "Wheel.Core.csproj".
     3>Compilación del proyecto terminada "C:\TfsData\Agents\Agent-CangriHack-W10\_work\75\s\src\Wheel.Core.csproj" (Clean destinos).
     2>El proyecto "C:\TfsData\Agents\Agent-CangriHack-W10\_work\75\s\test\testWheel.Core.csproj" (2) está compilando "C:\TfsData\Agents\Agent-CangriHack-W10\_work\75\s\src\Wheel.Core.csproj" (3:2) en el nodo 2 (Clean destinos).
   3:2>Compilando con la versión de herramientas "14.0".
       Se omitió el destino "_CheckForInvalidConfigurationAndPlatform". Compilado previamente de forma correcta.
       Se omitió el destino "Clean". Compilado previamente de forma correcta.
   3:2>Compilación del proyecto terminada "C:\TfsData\Agents\Agent-CangriHack-W10\_work\75\s\src\Wheel.Core.csproj" (Clean destinos).
     2>Ejecución de la tarea "MSBuild" terminada.
     2>Compilación terminada del destino "CleanReferencedProjects" en el proyecto "testWheel.Core.csproj".
     2>Destino "CleanPublishFolder" en el archivo "C:\Program Files (x86)\MSBuild\14.0\bin\Microsoft.Common.CurrentVersion.targets" del proyecto "C:\TfsData\Agents\Agent-CangriHack-W10\_work\75\s\test\testWheel.Core.csproj" (el destino "Clean" depende de él):
       Se omitió la tarea "RemoveDir" debido a una condición falsa (False); ('$(PublishDir)'=='$(OutputPath)app.publish\' and Exists('$(PublishDir)')) se evaluó como ('bin\Release\app.publish\'=='bin\Release\app.publish\' and Exists('bin\Release\app.publish\')).
     2>Compilación terminada del destino "CleanPublishFolder" en el proyecto "testWheel.Core.csproj".
     2>Destino "AfterClean" en el archivo "C:\Program Files (x86)\MSBuild\14.0\bin\Microsoft.Common.CurrentVersion.targets" del proyecto "C:\TfsData\Agents\Agent-CangriHack-W10\_work\75\s\test\testWheel.Core.csproj" (el destino "Clean" depende de él):
     2>Compilación terminada del destino "AfterClean" en el proyecto "testWheel.Core.csproj".
       Se omitió el destino "EntityClean" debido a una condición falsa (False); ('@(EntityDeploy)' != '') se evaluó como ('' != '').
     2>Destino "Clean" en el archivo "C:\Program Files (x86)\MSBuild\14.0\bin\Microsoft.Common.CurrentVersion.targets" del proyecto "C:\TfsData\Agents\Agent-CangriHack-W10\_work\75\s\test\testWheel.Core.csproj" (punto de entrada):
     2>Compilación terminada del destino "Clean" en el proyecto "testWheel.Core.csproj".
     2>Compilación del proyecto terminada "C:\TfsData\Agents\Agent-CangriHack-W10\_work\75\s\test\testWheel.Core.csproj" (Clean destinos).
     1>Ejecución de la tarea "MSBuild" terminada.
     1>Compilación terminada del destino "Clean" en el proyecto "Wheel.Core.sln".
     1>Compilación del proyecto terminada "C:\TfsData\Agents\Agent-CangriHack-W10\_work\75\s\Wheel.Core.sln" (Clean destinos).

Compilación correcta.
    0 Advertencia(s)
    0 Errores

Tiempo transcurrido 00:00:00.86
